[debug] [2023-04-23T03:39:33.924Z] ----------------------------------------------------------------------
[debug] [2023-04-23T03:39:33.926Z] Command:       /usr/local/bin/node /usr/local/bin/firebase deploy
[debug] [2023-04-23T03:39:33.927Z] CLI Version:   11.28.0
[debug] [2023-04-23T03:39:33.927Z] Platform:      darwin
[debug] [2023-04-23T03:39:33.927Z] Node Version:  v16.15.0
[debug] [2023-04-23T03:39:33.928Z] Time:          Sat Apr 22 2023 23:39:33 GMT-0400 (Eastern Daylight Time)
[debug] [2023-04-23T03:39:33.929Z] ----------------------------------------------------------------------
[debug] 
[debug] [2023-04-23T03:39:34.017Z] > command requires scopes: ["email","openid","https://www.googleapis.com/auth/cloudplatformprojects.readonly","https://www.googleapis.com/auth/firebase","https://www.googleapis.com/auth/cloud-platform"]
[debug] [2023-04-23T03:39:34.018Z] > authorizing via signed-in user (asialakaygrady@gmail.com)
[debug] [2023-04-23T03:39:34.018Z] [iam] checking project floralflow for permissions ["cloudconfig.configs.get","cloudconfig.configs.update","cloudfunctions.functions.create","cloudfunctions.functions.delete","cloudfunctions.functions.get","cloudfunctions.functions.list","cloudfunctions.functions.update","cloudfunctions.operations.get","datastore.indexes.create","datastore.indexes.delete","datastore.indexes.list","datastore.indexes.update","firebase.projects.get","firebasedatabase.instances.update","firebasehosting.sites.update","firebaserules.releases.create","firebaserules.releases.update","firebaserules.rulesets.create",null]
[debug] [2023-04-23T03:39:34.021Z] >>> [apiv2][query] POST https://cloudresourcemanager.googleapis.com/v1/projects/floralflow:testIamPermissions [none]
[debug] [2023-04-23T03:39:34.021Z] >>> [apiv2][(partial)header] POST https://cloudresourcemanager.googleapis.com/v1/projects/floralflow:testIamPermissions x-goog-quota-user=projects/floralflow
[debug] [2023-04-23T03:39:34.021Z] >>> [apiv2][body] POST https://cloudresourcemanager.googleapis.com/v1/projects/floralflow:testIamPermissions {"permissions":["cloudconfig.configs.get","cloudconfig.configs.update","cloudfunctions.functions.create","cloudfunctions.functions.delete","cloudfunctions.functions.get","cloudfunctions.functions.list","cloudfunctions.functions.update","cloudfunctions.operations.get","datastore.indexes.create","datastore.indexes.delete","datastore.indexes.list","datastore.indexes.update","firebase.projects.get","firebasedatabase.instances.update","firebasehosting.sites.update","firebaserules.releases.create","firebaserules.releases.update","firebaserules.rulesets.create",]}
[debug] [2023-04-23T03:39:34.290Z] <<< [apiv2][status] POST https://cloudresourcemanager.googleapis.com/v1/projects/floralflow:testIamPermissions 200
[debug] [2023-04-23T03:39:34.290Z] <<< [apiv2][body] POST https://cloudresourcemanager.googleapis.com/v1/projects/floralflow:testIamPermissions {"permissions":["cloudconfig.configs.get","cloudconfig.configs.update","cloudfunctions.functions.create","cloudfunctions.functions.delete","cloudfunctions.functions.get","cloudfunctions.functions.list","cloudfunctions.functions.update","cloudfunctions.operations.get","datastore.indexes.create","datastore.indexes.delete","datastore.indexes.list","datastore.indexes.update","firebase.projects.get","firebasedatabase.instances.update","firebasehosting.sites.update","firebaserules.releases.create","firebaserules.releases.update","firebaserules.rulesets.create"]}
[debug] [2023-04-23T03:39:34.290Z] [iam] error while checking permissions, command may fail: FirebaseError: Authorization failed. This account is missing the following required permissions on project floralflow:

  
[debug] [2023-04-23T03:39:34.291Z] >>> [apiv2][query] POST https://iam.googleapis.com/v1/projects/floralflow/serviceAccounts/floralflow@appspot.gserviceaccount.com:testIamPermissions [none]
[debug] [2023-04-23T03:39:34.291Z] >>> [apiv2][body] POST https://iam.googleapis.com/v1/projects/floralflow/serviceAccounts/floralflow@appspot.gserviceaccount.com:testIamPermissions {"permissions":["iam.serviceAccounts.actAs"]}
[debug] [2023-04-23T03:39:34.455Z] <<< [apiv2][status] POST https://iam.googleapis.com/v1/projects/floralflow/serviceAccounts/floralflow@appspot.gserviceaccount.com:testIamPermissions 200
[debug] [2023-04-23T03:39:34.455Z] <<< [apiv2][body] POST https://iam.googleapis.com/v1/projects/floralflow/serviceAccounts/floralflow@appspot.gserviceaccount.com:testIamPermissions {"permissions":["iam.serviceAccounts.actAs"]}
[debug] [2023-04-23T03:39:34.456Z] >>> [apiv2][query] GET https://firebase.googleapis.com/v1beta1/projects/floralflow [none]
[debug] [2023-04-23T03:39:34.815Z] <<< [apiv2][status] GET https://firebase.googleapis.com/v1beta1/projects/floralflow 200
[debug] [2023-04-23T03:39:34.815Z] <<< [apiv2][body] GET https://firebase.googleapis.com/v1beta1/projects/floralflow {"projectId":"floralflow","projectNumber":"732693957760","displayName":"ecoFloralFlow","name":"projects/floralflow","resources":{"hostingSite":"floralflow","realtimeDatabaseInstance":"floralflow-default-rtdb","storageBucket":"floralflow.appspot.com","locationId":"us-central"},"state":"ACTIVE","etag":"1_0628aea6-c48c-4577-9492-61b2cabe2125"}
[debug] [2023-04-23T03:39:34.815Z] >>> [apiv2][query] GET https://firebase.googleapis.com/v1beta1/projects/floralflow [none]
[debug] [2023-04-23T03:39:35.125Z] <<< [apiv2][status] GET https://firebase.googleapis.com/v1beta1/projects/floralflow 200
[debug] [2023-04-23T03:39:35.126Z] <<< [apiv2][body] GET https://firebase.googleapis.com/v1beta1/projects/floralflow {"projectId":"floralflow","projectNumber":"732693957760","displayName":"ecoFloralFlow","name":"projects/floralflow","resources":{"hostingSite":"floralflow","realtimeDatabaseInstance":"floralflow-default-rtdb","storageBucket":"floralflow.appspot.com","locationId":"us-central"},"state":"ACTIVE","etag":"1_0628aea6-c48c-4577-9492-61b2cabe2125"}
[debug] [2023-04-23T03:39:38.169Z] >>> [apiv2][query] GET https://firebasehosting.googleapis.com/v1beta1/projects/floralflow/sites pageToken=&pageSize=10
[debug] [2023-04-23T03:39:38.608Z] <<< [apiv2][status] GET https://firebasehosting.googleapis.com/v1beta1/projects/floralflow/sites 200
[debug] [2023-04-23T03:39:38.608Z] <<< [apiv2][body] GET https://firebasehosting.googleapis.com/v1beta1/projects/floralflow/sites {"sites":[{"name":"projects/floralflow/sites/floralflow","defaultUrl":"https://floralflow.web.app","type":"DEFAULT_SITE"},{"name":"projects/floralflow/sites/floralfloweco","defaultUrl":"https://floralfloweco.web.app","appId":"1:732693957760:web:e97da5a9c5568e47cbaa65","type":"USER_SITE"}]}
[debug] [2023-04-23T03:39:38.609Z] >>> [apiv2][query] GET https://firebasehosting.googleapis.com/v1beta1/projects/floralflow/sites 
[debug] [2023-04-23T03:39:39.067Z] <<< [apiv2][status] GET https://firebasehosting.googleapis.com/v1beta1/projects/floralflow/sites 200
[debug] [2023-04-23T03:39:39.067Z] <<< [apiv2][body] GET https://firebasehosting.googleapis.com/v1beta1/projects/floralflow/sites {"sites":[{"name":"projects/floralflow/sites/floralflow","defaultUrl":"https://floralflow.web.app","type":"DEFAULT_SITE"},{"name":"projects/floralflow/sites/floralfloweco","defaultUrl":"https://floralfloweco.web.app","appId":"1:732693957760:web:e97da5a9c5568e47cbaa65","type":"USER_SITE"}]}
[debug] [2023-04-23T03:39:39.068Z] >>> [apiv2][query] GET https://firebase.googleapis.com/v1beta1/projects/floralflow/webApps/-/config [none]
[debug] [2023-04-23T03:39:39.602Z] <<< [apiv2][status] GET https://firebase.googleapis.com/v1beta1/projects/floralflow/webApps/-/config 200
[debug] [2023-04-23T03:39:39.602Z] <<< [apiv2][body] GET https://firebase.googleapis.com/v1beta1/projects/floralflow/webApps/-/config {"projectId":"floralflow","appId":"1:732693957760:web:e97da5a9c5568e47cbaa65","databaseURL":"https://floralflow-default-rtdb.firebaseio.com","storageBucket":"floralflow.appspot.com","locationId":"us-central","apiKey":"AIzaSyAqFWuG1thl8FFlWXlKXMdXgHAU5qv1Jog","authDomain":"floralflow.firebaseapp.com","messagingSenderId":"732693957760","measurementId":"G-78TC2NFGLR"}
[debug] [2023-04-23T03:39:54.987Z] Error: Build failed because of webpack errors
    at webpackBuildImpl (/Users/asialakaygradyloves/apps/floralflow/node_modules/next/dist/build/webpack-build/impl.js:243:21)
    at async Object.webpackBuild (/Users/asialakaygradyloves/apps/floralflow/node_modules/next/dist/build/webpack-build/index.js:132:16)
    at async /Users/asialakaygradyloves/apps/floralflow/node_modules/next/dist/build/index.js:475:119
    at async Span.traceAsyncFn (/Users/asialakaygradyloves/apps/floralflow/node_modules/next/dist/trace/trace.js:79:20)
    at async build (/Users/asialakaygradyloves/apps/floralflow/node_modules/next/dist/build/index.js:76:29)
    at async build (/usr/local/lib/node_modules/firebase-tools/lib/frameworks/next/index.js:55:5)
    at async prepareFrameworks (/usr/local/lib/node_modules/firebase-tools/lib/frameworks/index.js:279:108)
    at async deploy (/usr/local/lib/node_modules/firebase-tools/lib/deploy/index.js:53:13)
[error] 
[error] Error: An unexpected error has occurred.
